<?xml version="1.0" encoding="UTF-8"?>
<testng-results ignored="0" total="1" passed="1" failed="0" skipped="0">
  <reporter-output>
  </reporter-output>
  <suite started-at="2026-06-15T15:49:55 IST" name="Default suite" finished-at="2026-06-15T15:50:07 IST" duration-ms="12346">
    <groups>
    </groups>
    <test started-at="2026-06-15T15:49:55 IST" name="Default test" finished-at="2026-06-15T15:50:07 IST" duration-ms="12346">
      <class name="com.tests.GetUserTest">
        <test-method signature="getUserTest()[pri:0, instance:com.tests.GetUserTest@179ece50]" started-at="2026-06-15T15:49:55 IST" name="getUserTest" finished-at="2026-06-15T15:50:07 IST" duration-ms="12255" status="PASS">
          <reporter-output>
          </reporter-output>
        </test-method> <!-- getUserTest -->
      </class> <!-- com.tests.GetUserTest -->
    </test> <!-- Default test -->
  </suite> <!-- Default suite -->
</testng-results>
