<?xml version="1.0" encoding="UTF-8"?>
<testng-results ignored="0" total="2" passed="2" failed="0" skipped="0">
  <reporter-output>
  </reporter-output>
  <suite started-at="2026-06-17T22:48:15 IST" name="Default suite" finished-at="2026-06-17T22:48:26 IST" duration-ms="10917">
    <groups>
    </groups>
    <test started-at="2026-06-17T22:48:15 IST" name="Default test" finished-at="2026-06-17T22:48:26 IST" duration-ms="10917">
      <class name="com.test.Get_All_Roles_Test">
        <test-method signature="get_all_roles()[pri:2, instance:com.test.Get_All_Roles_Test@293bb8a5]" started-at="2026-06-17T22:48:24 IST" name="get_all_roles" finished-at="2026-06-17T22:48:26 IST" depends-on-methods="com.test.AuthenticationTest.authenticationTest" duration-ms="1742" status="PASS">
          <reporter-output>
          </reporter-output>
        </test-method> <!-- get_all_roles -->
      </class> <!-- com.test.Get_All_Roles_Test -->
      <class name="com.test.AuthenticationTest">
        <test-method signature="authenticationTest()[pri:1, instance:com.test.AuthenticationTest@389adf1d]" started-at="2026-06-17T22:48:15 IST" name="authenticationTest" finished-at="2026-06-17T22:48:24 IST" duration-ms="8899" status="PASS">
          <reporter-output>
          </reporter-output>
        </test-method> <!-- authenticationTest -->
      </class> <!-- com.test.AuthenticationTest -->
    </test> <!-- Default test -->
  </suite> <!-- Default suite -->
</testng-results>
