<?xml version="1.0" encoding="UTF-8"?>
<!-- Generated by org.testng.reporters.JUnitXMLReporter -->
<testsuite ignored="0" hostname="Rohini" failures="0" tests="5" name="Test" time="15.729" errors="0" timestamp="2026-06-17T23:04:26 IST">
  <testcase classname="com.test.HealthCheckTest" name="healthCheck" time="4.425"/>
  <testcase classname="com.test.AuthenticationTest" name="authenticationTest" time="5.395"/>
  <testcase classname="com.test.Get_All_Roles_Test" name="get_all_roles" time="1.692"/>
  <testcase classname="com.test.Get_All_Institution_Test" name="getAllInstitution" time="0.664"/>
  <testcase classname="com.test.LoginTest" name="loginTest" time="3.451"/>
</testsuite> <!-- Test -->
