<?xml version="1.0" encoding="UTF-8"?>
<!-- Generated by org.testng.reporters.JUnitXMLReporter -->
<testsuite ignored="0" hostname="Rohini" failures="0" tests="5" name="Test" time="50.311" errors="0" timestamp="2026-06-18T14:36:23 IST">
  <testcase classname="com.test.HealthCheckTest" name="healthCheck" time="36.132"/>
  <testcase classname="com.test.AuthenticationTest" name="authenticationTest" time="7.917"/>
  <testcase classname="com.test.Get_All_Roles_Test" name="get_all_roles" time="1.672"/>
  <testcase classname="com.test.Get_All_Institution_Test" name="getAllInstitution" time="0.708"/>
  <testcase classname="com.test.LoginTest" name="loginTest" time="3.604"/>
</testsuite> <!-- Test -->
